Android-Serialport-API-GUN/build/outputs/logs/manifest-merger-debug-report.txt
-- Merging decision tree log ---
manifest
ADDED from src/main/AndroidManifest.xml:2:1-15:12
	package
		ADDED from src/main/AndroidManifest.xml:3:2-21
		INJECTED from src/main/AndroidManifest.xml
		INJECTED from src/main/AndroidManifest.xml
	android:versionName
		ADDED from src/main/AndroidManifest.xml:3:46-71
		INJECTED from src/main/AndroidManifest.xml
		INJECTED from src/main/AndroidManifest.xml
	android:versionCode
		ADDED from src/main/AndroidManifest.xml:3:22-45
		INJECTED from src/main/AndroidManifest.xml
		INJECTED from src/main/AndroidManifest.xml
	xmlns:android
		ADDED from src/main/AndroidManifest.xml:2:11-69
application
ADDED from src/main/AndroidManifest.xml:4:2-12:16
	android:label
		ADDED from src/main/AndroidManifest.xml:4:45-77
	android:icon
		ADDED from src/main/AndroidManifest.xml:4:15-44
activity#gnu.sercd.Sercd
ADDED from src/main/AndroidManifest.xml:5:3-10:14
	android:label
		ADDED from src/main/AndroidManifest.xml:5:13-45
	android:name
		ADDED from src/main/AndroidManifest.xml:5:46-66
intent-filter#android.intent.action.MAIN+android.intent.category.LAUNCHER
ADDED from src/main/AndroidManifest.xml:6:4-9:20
action#android.intent.action.MAIN
ADDED from src/main/AndroidManifest.xml:7:5-57
	android:name
		ADDED from src/main/AndroidManifest.xml:7:13-54
category#android.intent.category.LAUNCHER
ADDED from src/main/AndroidManifest.xml:8:5-65
	android:name
		ADDED from src/main/AndroidManifest.xml:8:15-62
service#gnu.sercd.SercdService
ADDED from src/main/AndroidManifest.xml:11:3-50
	android:name
		ADDED from src/main/AndroidManifest.xml:11:12-39
uses-sdk
ADDED from src/main/AndroidManifest.xml:13:2-40
	android:targetSdkVersion
		INJECTED from src/main/AndroidManifest.xml
		INJECTED from src/main/AndroidManifest.xml
	android:minSdkVersion
		ADDED from src/main/AndroidManifest.xml:13:12-37
		INJECTED from src/main/AndroidManifest.xml
		INJECTED from src/main/AndroidManifest.xml
uses-permission#android.permission.INTERNET
ADDED from src/main/AndroidManifest.xml:14:2-80
	android:name
		ADDED from src/main/AndroidManifest.xml:14:19-61